#
# There is insufficient memory for the Java Runtime Environment to continue.
# Native memory allocation (malloc) failed to allocate 32744 bytes for ChunkPool::allocate
# Possible reasons:
#   The system is out of physical RAM or swap space
#   In 32 bit mode, the process size limit was hit
# Possible solutions:
#   Reduce memory load on the system
#   Increase physical memory or swap space
#   Check if swap backing store is full
#   Use 64 bit Java on a 64 bit OS
#   Decrease Java heap size (-Xmx/-Xms)
#   Decrease number of Java threads
#   Decrease Java thread stack sizes (-Xss)
#   Set larger code cache with -XX:ReservedCodeCacheSize=
# This output file may be truncated or incomplete.
#
#  Out of Memory Error (allocation.cpp:273), pid=6444, tid=6920
#
# JRE version: Java(TM) SE Runtime Environment (8.0_77-b03) (build 1.8.0_77-b03)
# Java VM: Java HotSpot(TM) 64-Bit Server VM (25.77-b03 mixed mode windows-amd64 compressed oops)
# Failed to write core dump. Minidumps are not enabled by default on client versions of Windows
#

---------------  T H R E A D  ---------------

Current thread (0x00000000588a4000):  JavaThread "C2 CompilerThread1" daemon [_thread_in_native, id=6920, stack(0x0000000059340000,0x0000000059440000)]

Stack: [0x0000000059340000,0x0000000059440000]
[error occurred during error reporting (printing stack bounds), id 0xc0000005]

Native frames: (J=compiled Java code, j=interpreted, Vv=VM code, C=native code)


Current CompileTask:
C2:  87564 3251       4       com.sun.javafx.tk.quantum.QuantumToolkit$$Lambda$42/452367258::run (8 bytes)


---------------  P R O C E S S  ---------------

Java Threads: ( => current thread )
  0x000000005d815800 JavaThread "Media Resource Disposer" daemon [_thread_blocked, id=7132, stack(0x000000006cbd0000,0x000000006ccd0000)]
  0x000000005d815000 JavaThread "JFXMedia Player EventQueueThread" daemon [_thread_blocked, id=6736, stack(0x0000000068bb0000,0x0000000068cb0000)]
  0x000000005d818800 JavaThread "Watchdog-Timer-1" daemon [_thread_blocked, id=3520, stack(0x0000000066c90000,0x0000000066d90000)]
  0x0000000059af9000 JavaThread "Prism Font Disposer" daemon [_thread_blocked, id=7140, stack(0x0000000065d10000,0x0000000065e10000)]
  0x0000000059a36000 JavaThread "Disposer" daemon [_thread_blocked, id=4424, stack(0x000000005c100000,0x000000005c200000)]
  0x0000000059754000 JavaThread "Thread-4" daemon [_thread_in_native, id=4884, stack(0x000000005c200000,0x000000005c300000)]
  0x00000000597a6800 JavaThread "JavaFX-Launcher" [_thread_blocked, id=5132, stack(0x000000005c430000,0x000000005c530000)]
  0x0000000059728000 JavaThread "JavaFX Application Thread" [_thread_in_native, id=7144, stack(0x000000005a2e0000,0x000000005a3e0000)]
  0x000000005970a000 JavaThread "Thread-1" daemon [_thread_blocked, id=2716, stack(0x000000005a440000,0x000000005a540000)]
  0x00000000596f7000 JavaThread "QuantumRenderer-0" daemon [_thread_blocked, id=644, stack(0x0000000059fd0000,0x000000005a0d0000)]
  0x00000000588d0800 JavaThread "Service Thread" daemon [_thread_blocked, id=5648, stack(0x0000000059120000,0x0000000059220000)]
  0x00000000588a6800 JavaThread "C1 CompilerThread2" daemon [_thread_blocked, id=6384, stack(0x0000000058e80000,0x0000000058f80000)]
=>0x00000000588a4000 JavaThread "C2 CompilerThread1" daemon [_thread_in_native, id=6920, stack(0x0000000059340000,0x0000000059440000)]
  0x000000005888b000 JavaThread "C2 CompilerThread0" daemon [_thread_blocked, id=5376, stack(0x0000000059220000,0x0000000059320000)]
  0x0000000058889000 JavaThread "Attach Listener" daemon [_thread_blocked, id=3940, stack(0x0000000059020000,0x0000000059120000)]
  0x0000000058888800 JavaThread "Signal Dispatcher" daemon [_thread_blocked, id=4156, stack(0x0000000058d60000,0x0000000058e60000)]
  0x0000000057539800 JavaThread "Finalizer" daemon [_thread_blocked, id=6372, stack(0x0000000058780000,0x0000000058880000)]
  0x00000000574f2000 JavaThread "Reference Handler" daemon [_thread_blocked, id=3184, stack(0x0000000058590000,0x0000000058690000)]
  0x00000000023ae000 JavaThread "main" [_thread_blocked, id=7068, stack(0x0000000002700000,0x0000000002800000)]

Other Threads:
  0x00000000574ea800 VMThread [stack: 0x00000000583c0000,0x00000000584c0000] [id=6280]
  0x00000000588d7800 WatcherThread [stack: 0x00000000595f0000,0x00000000596f0000] [id=6964]

VM state:not at safepoint (normal execution)

VM Mutex/Monitor currently owned by a thread: None

Heap:
 PSYoungGen      total 143360K, used 120113K [0x00000000d5e00000, 0x00000000e7700000, 0x0000000100000000)
  eden space 133120K, 90% used [0x00000000d5e00000,0x00000000dd34c678,0x00000000de000000)
  from space 10240K, 0% used [0x00000000de000000,0x00000000de000000,0x00000000dea00000)
  to   space 10752K, 0% used [0x00000000e6c80000,0x00000000e6c80000,0x00000000e7700000)
 ParOldGen       total 119808K, used 71844K [0x0000000081a00000, 0x0000000088f00000, 0x00000000d5e00000)
  object space 119808K, 59% used [0x0000000081a00000,0x0000000086029000,0x0000000088f00000)
 Metaspace       used 22693K, capacity 24046K, committed 24064K, reserved 1069056K
  class space    used 3296K, capacity 3579K, committed 3584K, reserved 1048576K

Card table byte_map: [0x0000000011bc0000,0x0000000011fc0000] byte_map_base: 0x00000000117b3000

Marking Bits: (ParMarkBitMap*) 0x000000005f630600
 Begin Bits: [0x0000000012830000, 0x00000000147c8000)
 End Bits:   [0x00000000147c8000, 0x0000000016760000)

Polling page: 0x00000000005b0000

CodeCache: size=245760Kb used=9747Kb max_used=9769Kb free=236012Kb
 bounds [0x0000000002800000, 0x00000000031a0000, 0x0000000011800000]
 total_blobs=4004 nmethods=3230 adapters=685
 compilation: enabled

Compilation events (10 events):
Event: 86.268 Thread 0x00000000588a4000 nmethod 3246 0x00000000029d0d10 code [0x00000000029d0e60, 0x00000000029d0f18]
Event: 86.395 Thread 0x00000000588a6800 3247       1       java.util.concurrent.locks.AbstractQueuedSynchronizer::compareAndSetTail (13 bytes)
Event: 86.395 Thread 0x00000000588a6800 nmethod 3247 0x0000000002903990 code [0x0000000002903ae0, 0x0000000002903c10]
Event: 86.491 Thread 0x000000005888b000 3248       4       javafx.animation.Animation$1::timePulse (56 bytes)
Event: 86.494 Thread 0x000000005888b000 nmethod 3248 0x00000000029034d0 code [0x0000000002903620, 0x0000000002903788]
Event: 87.211 Thread 0x00000000588a4000 3249       4       javafx.scene.Scene::doLayoutPass (14 bytes)
Event: 87.213 Thread 0x00000000588a4000 nmethod 3249 0x00000000031878d0 code [0x0000000003187a20, 0x0000000003187b48]
Event: 87.387 Thread 0x000000005888b000 3250       4       com.sun.scenario.animation.AbstractMasterTimer$MainLoop::updateAnimationRunnable (61 bytes)
Event: 87.388 Thread 0x000000005888b000 nmethod 3250 0x0000000003187610 code [0x0000000003187740, 0x00000000031877d8]
Event: 87.451 Thread 0x00000000588a4000 3251       4       com.sun.javafx.tk.quantum.QuantumToolkit$$Lambda$42/452367258::run (8 bytes)

GC Heap History (10 events):
Event: 1.699 GC heap before
{Heap before GC invocations=4 (full 0):
 PSYoungGen      total 38400K, used 38363K [0x00000000d5e00000, 0x00000000da900000, 0x0000000100000000)
  eden space 33280K, 99% used [0x00000000d5e00000,0x00000000d7e7ba90,0x00000000d7e80000)
  from space 5120K, 99% used [0x00000000d7e80000,0x00000000d837b388,0x00000000d8380000)
  to   space 5120K, 0% used [0x00000000da400000,0x00000000da400000,0x00000000da900000)
 ParOldGen       total 146432K, used 124665K [0x0000000081a00000, 0x000000008a900000, 0x00000000d5e00000)
  object space 146432K, 85% used [0x0000000081a00000,0x00000000893be728,0x000000008a900000)
 Metaspace       used 19551K, capacity 20642K, committed 20864K, reserved 1067008K
  class space    used 2900K, capacity 3140K, committed 3200K, reserved 1048576K
Event: 1.707 GC heap after
Heap after GC invocations=4 (full 0):
 PSYoungGen      total 71680K, used 5115K [0x00000000d5e00000, 0x00000000da900000, 0x0000000100000000)
  eden space 66560K, 0% used [0x00000000d5e00000,0x00000000d5e00000,0x00000000d9f00000)
  from space 5120K, 99% used [0x00000000da400000,0x00000000da8fee98,0x00000000da900000)
  to   space 5120K, 0% used [0x00000000d9f00000,0x00000000d9f00000,0x00000000da400000)
 ParOldGen       total 146432K, used 130249K [0x0000000081a00000, 0x000000008a900000, 0x00000000d5e00000)
  object space 146432K, 88% used [0x0000000081a00000,0x0000000089932420,0x000000008a900000)
 Metaspace       used 19551K, capacity 20642K, committed 20864K, reserved 1067008K
  class space    used 2900K, capacity 3140K, committed 3200K, reserved 1048576K
}
Event: 1.731 GC heap before
{Heap before GC invocations=5 (full 0):
 PSYoungGen      total 71680K, used 71617K [0x00000000d5e00000, 0x00000000da900000, 0x0000000100000000)
  eden space 66560K, 99% used [0x00000000d5e00000,0x00000000d9ef1570,0x00000000d9f00000)
  from space 5120K, 99% used [0x00000000da400000,0x00000000da8fee98,0x00000000da900000)
  to   space 5120K, 0% used [0x00000000d9f00000,0x00000000d9f00000,0x00000000da400000)
 ParOldGen       total 146432K, used 130249K [0x0000000081a00000, 0x000000008a900000, 0x00000000d5e00000)
  object space 146432K, 88% used [0x0000000081a00000,0x0000000089932420,0x000000008a900000)
 Metaspace       used 19581K, capacity 20642K, committed 20864K, reserved 1067008K
  class space    used 2900K, capacity 3140K, committed 3200K, reserved 1048576K
Event: 1.736 GC heap after
Heap after GC invocations=5 (full 0):
 PSYoungGen      total 71680K, used 5119K [0x00000000d5e00000, 0x00000000df400000, 0x0000000100000000)
  eden space 66560K, 0% used [0x00000000d5e00000,0x00000000d5e00000,0x00000000d9f00000)
  from space 5120K, 99% used [0x00000000d9f00000,0x00000000da3ffd68,0x00000000da400000)
  to   space 10240K, 0% used [0x00000000dea00000,0x00000000dea00000,0x00000000df400000)
 ParOldGen       total 146432K, used 130427K [0x0000000081a00000, 0x000000008a900000, 0x00000000d5e00000)
  object space 146432K, 89% used [0x0000000081a00000,0x000000008995edb8,0x000000008a900000)
 Metaspace       used 19581K, capacity 20642K, committed 20864K, reserved 1067008K
  class space    used 2900K, capacity 3140K, committed 3200K, reserved 1048576K
}
Event: 1.750 GC heap before
{Heap before GC invocations=6 (full 0):
 PSYoungGen      total 71680K, used 71550K [0x00000000d5e00000, 0x00000000df400000, 0x0000000100000000)
  eden space 66560K, 99% used [0x00000000d5e00000,0x00000000d9edfc58,0x00000000d9f00000)
  from space 5120K, 99% used [0x00000000d9f00000,0x00000000da3ffd68,0x00000000da400000)
  to   space 10240K, 0% used [0x00000000dea00000,0x00000000dea00000,0x00000000df400000)
 ParOldGen       total 146432K, used 130427K [0x0000000081a00000, 0x000000008a900000, 0x00000000d5e00000)
  object space 146432K, 89% used [0x0000000081a00000,0x000000008995edb8,0x000000008a900000)
 Metaspace       used 19605K, capacity 20712K, committed 20864K, reserved 1067008K
  class space    used 2901K, capacity 3141K, committed 3200K, reserved 1048576K
Event: 1.755 GC heap after
Heap after GC invocations=6 (full 0):
 PSYoungGen      total 143360K, used 5131K [0x00000000d5e00000, 0x00000000df400000, 0x0000000100000000)
  eden space 133120K, 0% used [0x00000000d5e00000,0x00000000d5e00000,0x00000000de000000)
  from space 10240K, 50% used [0x00000000dea00000,0x00000000def02c90,0x00000000df400000)
  to   space 10240K, 0% used [0x00000000de000000,0x00000000de000000,0x00000000dea00000)
 ParOldGen       total 146432K, used 130427K [0x0000000081a00000, 0x000000008a900000, 0x00000000d5e00000)
  object space 146432K, 89% used [0x0000000081a00000,0x000000008995edb8,0x000000008a900000)
 Metaspace       used 19605K, capacity 20712K, committed 20864K, reserved 1067008K
  class space    used 2901K, capacity 3141K, committed 3200K, reserved 1048576K
}
Event: 1.930 GC heap before
{Heap before GC invocations=7 (full 0):
 PSYoungGen      total 143360K, used 124400K [0x00000000d5e00000, 0x00000000df400000, 0x0000000100000000)
  eden space 133120K, 89% used [0x00000000d5e00000,0x00000000dd2794d0,0x00000000de000000)
  from space 10240K, 50% used [0x00000000dea00000,0x00000000def02c90,0x00000000df400000)
  to   space 10240K, 0% used [0x00000000de000000,0x00000000de000000,0x00000000dea00000)
 ParOldGen       total 146432K, used 130427K [0x0000000081a00000, 0x000000008a900000, 0x00000000d5e00000)
  object space 146432K, 89% used [0x0000000081a00000,0x000000008995edb8,0x000000008a900000)
 Metaspace       used 20136K, capacity 21224K, committed 21296K, reserved 1067008K
  class space    used 2946K, capacity 3181K, committed 3200K, reserved 1048576K
Event: 1.936 GC heap after
Heap after GC invocations=7 (full 0):
 PSYoungGen      total 143360K, used 3740K [0x00000000d5e00000, 0x00000000e7700000, 0x0000000100000000)
  eden space 133120K, 0% used [0x00000000d5e00000,0x00000000d5e00000,0x00000000de000000)
  from space 10240K, 36% used [0x00000000de000000,0x00000000de3a73b0,0x00000000dea00000)
  to   space 10752K, 0% used [0x00000000e6c80000,0x00000000e6c80000,0x00000000e7700000)
 ParOldGen       total 146432K, used 132545K [0x0000000081a00000, 0x000000008a900000, 0x00000000d5e00000)
  object space 146432K, 90% used [0x0000000081a00000,0x0000000089b70478,0x000000008a900000)
 Metaspace       used 20136K, capacity 21224K, committed 21296K, reserved 1067008K
  class space    used 2946K, capacity 3181K, committed 3200K, reserved 1048576K
}
Event: 1.936 GC heap before
{Heap before GC invocations=8 (full 1):
 PSYoungGen      total 143360K, used 3740K [0x00000000d5e00000, 0x00000000e7700000, 0x0000000100000000)
  eden space 133120K, 0% used [0x00000000d5e00000,0x00000000d5e00000,0x00000000de000000)
  from space 10240K, 36% used [0x00000000de000000,0x00000000de3a73b0,0x00000000dea00000)
  to   space 10752K, 0% used [0x00000000e6c80000,0x00000000e6c80000,0x00000000e7700000)
 ParOldGen       total 146432K, used 132545K [0x0000000081a00000, 0x000000008a900000, 0x00000000d5e00000)
  object space 146432K, 90% used [0x0000000081a00000,0x0000000089b70478,0x000000008a900000)
 Metaspace       used 20136K, capacity 21224K, committed 21296K, reserved 1067008K
  class space    used 2946K, capacity 3181K, committed 3200K, reserved 1048576K
Event: 1.966 GC heap after
Heap after GC invocations=8 (full 1):
 PSYoungGen      total 143360K, used 0K [0x00000000d5e00000, 0x00000000e7700000, 0x0000000100000000)
  eden space 133120K, 0% used [0x00000000d5e00000,0x00000000d5e00000,0x00000000de000000)
  from space 10240K, 0% used [0x00000000de000000,0x00000000de000000,0x00000000dea00000)
  to   space 10752K, 0% used [0x00000000e6c80000,0x00000000e6c80000,0x00000000e7700000)
 ParOldGen       total 119808K, used 71844K [0x0000000081a00000, 0x0000000088f00000, 0x00000000d5e00000)
  object space 119808K, 59% used [0x0000000081a00000,0x0000000086029000,0x0000000088f00000)
 Metaspace       used 20136K, capacity 21224K, committed 21296K, reserved 1067008K
  class space    used 2946K, capacity 3181K, committed 3200K, reserved 1048576K
}

Deoptimization events (10 events):
Event: 2.887 Thread 0x0000000059728000 Uncommon trap: reason=class_check action=maybe_recompile pc=0x0000000002f69058 method=com.sun.javafx.font.CompositeGlyphMapper.convertToGlyph(I)I @ 7
Event: 2.887 Thread 0x0000000059728000 Uncommon trap: reason=class_check action=maybe_recompile pc=0x0000000002f69058 method=com.sun.javafx.font.CompositeGlyphMapper.convertToGlyph(I)I @ 7
Event: 4.252 Thread 0x0000000059728000 Uncommon trap: reason=class_check action=maybe_recompile pc=0x0000000002f55ba4 method=com.sun.javafx.font.CompositeGlyphMapper.convertToGlyph(I)I @ 7
Event: 4.252 Thread 0x0000000059728000 Uncommon trap: reason=class_check action=maybe_recompile pc=0x0000000002f4f584 method=com.sun.javafx.font.CompositeGlyphMapper.getSlotMapper(I)Lcom/sun/javafx/font/CharToGlyphMapper; @ 58
Event: 4.253 Thread 0x0000000059728000 Uncommon trap: reason=class_check action=maybe_recompile pc=0x0000000002f4f584 method=com.sun.javafx.font.CompositeGlyphMapper.getSlotMapper(I)Lcom/sun/javafx/font/CharToGlyphMapper; @ 58
Event: 4.253 Thread 0x0000000059728000 Uncommon trap: reason=class_check action=maybe_recompile pc=0x0000000002f4f584 method=com.sun.javafx.font.CompositeGlyphMapper.getSlotMapper(I)Lcom/sun/javafx/font/CharToGlyphMapper; @ 58
Event: 4.258 Thread 0x0000000059728000 Uncommon trap: reason=class_check action=maybe_recompile pc=0x0000000002f4f584 method=com.sun.javafx.font.CompositeGlyphMapper.getSlotMapper(I)Lcom/sun/javafx/font/CharToGlyphMapper; @ 58
Event: 5.903 Thread 0x0000000059728000 Uncommon trap: reason=class_check action=maybe_recompile pc=0x0000000002ec331c method=java.util.regex.Pattern$Node.study(Ljava/util/regex/Pattern$TreeInfo;)Z @ 12
Event: 5.903 Thread 0x0000000059728000 Uncommon trap: reason=class_check action=maybe_recompile pc=0x0000000002ec331c method=java.util.regex.Pattern$Node.study(Ljava/util/regex/Pattern$TreeInfo;)Z @ 12
Event: 5.912 Thread 0x0000000059728000 Uncommon trap: reason=unstable_if action=reinterpret pc=0x00000000029b3cfc method=java.lang.String.startsWith(Ljava/lang/String;I)Z @ 25

Internal exceptions (10 events):
Event: 0.643 Thread 0x0000000059728000 Implicit null exception at 0x0000000002aeb6c4 to 0x0000000002aeba11
Event: 1.065 Thread 0x0000000059728000 Exception <a 'java/io/FileNotFoundException'> (0x00000000d7048bb8) thrown at [D:\re\workspace\8-2-build-windows-amd64-cygwin\jdk8u77\6540\hotspot\src\share\vm\prims\jni.cpp, line 709]
Event: 1.452 Thread 0x0000000059728000 Implicit null exception at 0x0000000002a20606 to 0x0000000002a2092d
Event: 1.531 Thread 0x0000000059728000 Implicit null exception at 0x0000000002c9e9a1 to 0x0000000002c9eead
Event: 2.118 Thread 0x0000000059728000 Exception <a 'java/io/FileNotFoundException'> (0x00000000d623b500) thrown at [D:\re\workspace\8-2-build-windows-amd64-cygwin\jdk8u77\6540\hotspot\src\share\vm\prims\jni.cpp, line 709]
Event: 4.132 Thread 0x0000000059728000 Exception <a 'sun/nio/fs/WindowsException'> (0x00000000d6c3c690) thrown at [D:\re\workspace\8-2-build-windows-amd64-cygwin\jdk8u77\6540\hotspot\src\share\vm\prims\jni.cpp, line 709]
Event: 4.134 Thread 0x0000000059728000 Exception <a 'sun/nio/fs/WindowsException'> (0x00000000d6c3db20) thrown at [D:\re\workspace\8-2-build-windows-amd64-cygwin\jdk8u77\6540\hotspot\src\share\vm\prims\jni.cpp, line 709]
Event: 4.265 Thread 0x0000000059728000 Exception <a 'java/io/FileNotFoundException'> (0x00000000dc7016b8) thrown at [D:\re\workspace\8-2-build-windows-amd64-cygwin\jdk8u77\6540\hotspot\src\share\vm\prims\jni.cpp, line 709]
Event: 5.922 Thread 0x0000000059728000 Exception <a 'java/lang/NullPointerException'> (0x00000000dcba4ca8) thrown at [D:\re\workspace\8-2-build-windows-amd64-cygwin\jdk8u77\6540\hotspot\src\share\vm\interpreter\linkResolver.cpp, line 1178]
Event: 5.922 Thread 0x0000000059728000 Exception <a 'java/lang/reflect/InvocationTargetException'> (0x00000000dcba5098) thrown at [D:\re\workspace\8-2-build-windows-amd64-cygwin\jdk8u77\6540\hotspot\src\share\vm\runtime\reflection.cpp, line 1092]

Events (10 events):
Event: 80.911 Thread 0x000000005888b000 flushing nmethod 0x0000000002926cd0
Event: 80.911 Thread 0x000000005888b000 flushing nmethod 0x00000000029277d0
Event: 80.911 Thread 0x000000005888b000 flushing nmethod 0x0000000002928390
Event: 80.911 Thread 0x000000005888b000 flushing nmethod 0x0000000002928a50
Event: 80.911 Thread 0x000000005888b000 flushing nmethod 0x00000000029294d0
Event: 80.911 Thread 0x000000005888b000 flushing nmethod 0x000000000293c890
Event: 80.911 Thread 0x000000005888b000 flushing nmethod 0x0000000002944110
Event: 80.941 Thread 0x00000000588a4000 flushing nmethod 0x00000000029a0dd0
Event: 80.941 Thread 0x00000000588a4000 flushing nmethod 0x00000000029d0d10
Event: 81.451 Thread 0x000000005888b000 flushing nmethod 0x00000000029d7910


Dynamic libraries:
0x000000013fdc0000 - 0x000000013fdf7000 	C:\Program Files\Java\jdk1.8.0_77\bin\javaw.exe
0x00000000775e0000 - 0x000000007778a000 	C:\Windows\SYSTEM32\ntdll.dll
0x00000000774c0000 - 0x00000000775df000 	C:\Windows\system32\kernel32.dll
0x000007fefd470000 - 0x000007fefd4da000 	C:\Windows\system32\KERNELBASE.dll
0x000007feff6c0000 - 0x000007feff79b000 	C:\Windows\system32\ADVAPI32.dll
0x000007fefed00000 - 0x000007fefed9f000 	C:\Windows\system32\msvcrt.dll
0x000007feff7a0000 - 0x000007feff7bf000 	C:\Windows\SYSTEM32\sechost.dll
0x000007feff7c0000 - 0x000007feff8ed000 	C:\Windows\system32\RPCRT4.dll
0x00000000773c0000 - 0x00000000774ba000 	C:\Windows\system32\USER32.dll
0x000007fefe560000 - 0x000007fefe5c7000 	C:\Windows\system32\GDI32.dll
0x000007fefe7b0000 - 0x000007fefe7be000 	C:\Windows\system32\LPK.dll
0x000007feff030000 - 0x000007feff0fa000 	C:\Windows\system32\USP10.dll
0x000007fefbab0000 - 0x000007fefbca4000 	C:\Windows\WinSxS\amd64_microsoft.windows.common-controls_6595b64144ccf1df_6.0.7601.18837_none_fa3b1e3d17594757\COMCTL32.dll
0x000007feff100000 - 0x000007feff171000 	C:\Windows\system32\SHLWAPI.dll
0x000007fefea50000 - 0x000007fefea7e000 	C:\Windows\system32\IMM32.DLL
0x000007fefe6a0000 - 0x000007fefe7a9000 	C:\Windows\system32\MSCTF.dll
0x0000000068500000 - 0x00000000685d2000 	C:\Program Files\Java\jdk1.8.0_77\jre\bin\msvcr100.dll
0x000000005ee20000 - 0x000000005f6b0000 	C:\Program Files\Java\jdk1.8.0_77\jre\bin\server\jvm.dll
0x000007fef7110000 - 0x000007fef7119000 	C:\Windows\system32\WSOCK32.dll
0x000007fefe5d0000 - 0x000007fefe61d000 	C:\Windows\system32\WS2_32.dll
0x000007fefe550000 - 0x000007fefe558000 	C:\Windows\system32\NSI.dll
0x000007fefb1f0000 - 0x000007fefb22b000 	C:\Windows\system32\WINMM.dll
0x000007fefc4e0000 - 0x000007fefc4ec000 	C:\Windows\system32\VERSION.dll
0x00000000777a0000 - 0x00000000777a7000 	C:\Windows\system32\PSAPI.DLL
0x0000000072bb0000 - 0x0000000072bbf000 	C:\Program Files\Java\jdk1.8.0_77\jre\bin\verify.dll
0x0000000072560000 - 0x0000000072589000 	C:\Program Files\Java\jdk1.8.0_77\jre\bin\java.dll
0x0000000072540000 - 0x0000000072556000 	C:\Program Files\Java\jdk1.8.0_77\jre\bin\zip.dll
0x000007fefd7c0000 - 0x000007fefe549000 	C:\Windows\system32\SHELL32.dll
0x000007fefe820000 - 0x000007fefea23000 	C:\Windows\system32\ole32.dll
0x000007fefd360000 - 0x000007fefd36f000 	C:\Windows\system32\profapi.dll
0x000007fee2140000 - 0x000007fee222f000 	C:\Program Files\Java\jdk1.8.0_77\jre\bin\msvcr120.dll
0x000007fee46e0000 - 0x000007fee4786000 	C:\Program Files\Java\jdk1.8.0_77\jre\bin\msvcp120.dll
0x0000000070e50000 - 0x0000000070e73000 	C:\Program Files\Java\jdk1.8.0_77\jre\bin\prism_d3d.dll
0x000007fee1f40000 - 0x000007fee213f000 	C:\Windows\system32\d3d9.dll
0x000007feec5d0000 - 0x000007feec5d7000 	C:\Windows\system32\d3d8thk.dll
0x000007fefb430000 - 0x000007fefb448000 	C:\Windows\system32\dwmapi.dll
0x000007fefb810000 - 0x000007fefb866000 	C:\Windows\system32\uxtheme.dll
0x000007fee14d0000 - 0x000007fee1f3e000 	C:\Windows\system32\igdumdim64.dll
0x000007feef180000 - 0x000007feef5e4000 	C:\Windows\system32\igdusc64.dll
0x0000000070e00000 - 0x0000000070e43000 	C:\Program Files\Java\jdk1.8.0_77\jre\bin\glass.dll
0x000007fefd720000 - 0x000007fefd7b7000 	C:\Windows\system32\COMDLG32.dll
0x000007feff180000 - 0x000007feff258000 	C:\Windows\system32\OLEAUT32.dll
0x000007fefd160000 - 0x000007fefd1b7000 	C:\Windows\system32\apphelp.dll
0x0000000072f30000 - 0x0000000072fa8000 	C:\Windows\system32\IMKR12.IME
0x0000000073080000 - 0x0000000073149000 	C:\Windows\WinSxS\amd64_microsoft.vc80.crt_1fc8b3b9a1e18e3b_8.0.50727.4940_none_88df89932faf0bf6\MSVCR80.dll
0x0000000072e20000 - 0x0000000072f29000 	C:\Windows\WinSxS\amd64_microsoft.vc80.crt_1fc8b3b9a1e18e3b_8.0.50727.4940_none_88df89932faf0bf6\MSVCP80.dll
0x000007fefd200000 - 0x000007fefd20f000 	C:\Windows\system32\CRYPTBASE.dll
0x00000000724e0000 - 0x00000000724f4000 	C:\Program Files\Java\jdk1.8.0_77\jre\bin\javafx_font.dll
0x000007fee2230000 - 0x000007fee23c7000 	C:\Windows\system32\dwrite.dll
0x000000005f6b0000 - 0x0000000061c3e000 	C:\Program Files\Java\jdk1.8.0_77\jre\bin\jfxwebkit.dll
0x000007fefcb60000 - 0x000007fefcb78000 	C:\Windows\system32\CRYPTSP.dll
0x000007fefc860000 - 0x000007fefc8a7000 	C:\Windows\system32\rsaenh.dll
0x0000000072520000 - 0x000000007253a000 	C:\Program Files\Java\jdk1.8.0_77\jre\bin\net.dll
0x0000000180000000 - 0x000000018006d000 	C:\Windows\system32\LavasoftTcpService64.dll
0x000007fefcb00000 - 0x000007fefcb55000 	C:\Windows\system32\MSWSOCK.dll
0x000007fefc500000 - 0x000007fefc527000 	C:\Windows\system32\IPHLPAPI.DLL
0x000007fefc4f0000 - 0x000007fefc4fb000 	C:\Windows\system32\WINNSI.DLL
0x000007fefd130000 - 0x000007fefd155000 	C:\Windows\system32\SspiCli.dll
0x000007fefcaf0000 - 0x000007fefcaf7000 	C:\Windows\System32\wship6.dll
0x0000000072500000 - 0x0000000072511000 	C:\Program Files\Java\jdk1.8.0_77\jre\bin\nio.dll
0x000007fefc4c0000 - 0x000007fefc4c7000 	C:\Windows\System32\wshtcpip.dll
0x000007fefc980000 - 0x000007fefc9db000 	C:\Windows\system32\DNSAPI.dll
0x000007fef4260000 - 0x000007fef4268000 	C:\Windows\system32\rasadhlp.dll
0x000007fefade0000 - 0x000007fefae33000 	C:\Windows\System32\fwpuclnt.dll
0x000007fefec60000 - 0x000007fefecf9000 	C:\Windows\system32\CLBCatQ.DLL
0x000007fefd2b0000 - 0x000007fefd2c4000 	C:\Windows\system32\RpcRtRemote.dll
0x000007feeeb00000 - 0x000007feeeb09000 	C:\Windows\system32\msiltcfg.dll
0x000007fef1760000 - 0x000007fef1a7e000 	C:\Windows\system32\msi.dll
0x000007fefd210000 - 0x000007fefd2a1000 	C:\Windows\system32\SXS.DLL
0x000007fefb240000 - 0x000007fefb3a1000 	C:\Windows\system32\WindowsCodecs.dll
0x000007feef0e0000 - 0x000007feef115000 	C:\Windows\system32\EhStorShell.dll
0x000007fefea80000 - 0x000007fefec57000 	C:\Windows\system32\SETUPAPI.dll
0x000007fefd390000 - 0x000007fefd3c6000 	C:\Windows\system32\CFGMGR32.dll
0x000007fefd400000 - 0x000007fefd41a000 	C:\Windows\system32\DEVOBJ.dll
0x000007fefb980000 - 0x000007fefbaac000 	C:\Windows\system32\PROPSYS.dll
0x000007feef060000 - 0x000007feef0de000 	C:\Windows\System32\cscui.dll
0x000007feef050000 - 0x000007feef05c000 	C:\Windows\System32\CSCDLL.dll
0x000007fef3a00000 - 0x000007fef3a0f000 	C:\Windows\system32\CSCAPI.dll
0x000007feeef20000 - 0x000007feeefa0000 	C:\Windows\system32\ntshrui.dll
0x000007fefd040000 - 0x000007fefd063000 	C:\Windows\system32\srvcli.dll
0x000007fefb130000 - 0x000007fefb13b000 	C:\Windows\system32\slc.dll
0x000007fee5b90000 - 0x000007fee5bbd000 	C:\Program Files\Common Files\Microsoft Shared\Ink\rtscom.dll
0x00000000725a0000 - 0x000000007268e000 	C:\PROGRA~1\COMMON~1\MICROS~1\IME12\IMEKR\IMKRTIP.DLL
0x0000000072330000 - 0x000000007249f000 	C:\PROGRA~1\COMMON~1\MICROS~1\IME12\SHARED\IMETIP.DLL
0x00000000722f0000 - 0x000000007232f000 	C:\PROGRA~1\COMMON~1\MICROS~1\IME12\IMEKR\IMKRAPI.DLL
0x00000000722a0000 - 0x00000000722ed000 	C:\PROGRA~1\COMMON~1\MICROS~1\IME12\SHARED\IMJKAPI.DLL
0x0000000070de0000 - 0x0000000070df1000 	C:\Program Files\Java\jdk1.8.0_77\jre\bin\prism_common.dll
0x000000006b5f0000 - 0x000000006b662000 	C:\Program Files\Java\jdk1.8.0_77\jre\bin\glib-lite.dll
0x0000000070d10000 - 0x0000000070dac000 	C:\Program Files\Java\jdk1.8.0_77\jre\bin\gstreamer-lite.dll
0x000007fee5270000 - 0x000007fee52f8000 	C:\Windows\system32\DSOUND.dll
0x000007fefc180000 - 0x000007fefc1ac000 	C:\Windows\system32\POWRPROF.dll
0x0000000070ce0000 - 0x0000000070d05000 	C:\Program Files\Java\jdk1.8.0_77\jre\bin\jfxmedia.dll
0x0000000070c30000 - 0x0000000070c60000 	C:\Program Files\Java\jdk1.8.0_77\jre\bin\fxplugins.dll
0x000007fee1220000 - 0x000007fee14c9000 	C:\Windows\System32\msmpeg2vdec.dll
0x000007fee51c0000 - 0x000007fee522d000 	C:\Windows\System32\MFPlat.DLL
0x000007fefc4d0000 - 0x000007fefc4d9000 	C:\Windows\System32\AVRT.dll
0x000007fee4640000 - 0x000007fee46df000 	C:\Windows\System32\EVR.dll
0x000007fefccb0000 - 0x000007fefccd2000 	C:\Windows\System32\bcrypt.dll
0x000007fefd590000 - 0x000007fefd6fd000 	C:\Windows\system32\CRYPT32.dll
0x000007fefd370000 - 0x000007fefd37f000 	C:\Windows\system32\MSASN1.dll
0x000007fee10d0000 - 0x000007fee1213000 	C:\Windows\System32\msmpeg2adec.dll
0x000007fefc0d0000 - 0x000007fefc11b000 	C:\Windows\System32\MMDevApi.dll
0x000007feec560000 - 0x000007feec5af000 	C:\Windows\system32\AUDIOSES.DLL
0x000007fee0f10000 - 0x000007fee10c3000 	C:\Windows\system32\quartz.dll

VM Arguments:
jvm_args: -Dfile.encoding=UTF-8 
java_command: com.hybrid.MainApplication
java_class_path (initial): D:\03_Src\project\MiniGames\bin;C:\Users\java\.gradle\caches\modules-2\files-2.1\com.gluonhq\particle\1.1.0\ce813abeb6399a65cd2923356b39f43ee9c38ad0\particle-1.1.0.jar;C:\Users\java\.gradle\caches\modules-2\files-2.1\eu.infomas\annotation-detector\3.0.4\9dacddd19f848bea5e7ba4dfadce37e0f710cd1b\annotation-detector-3.0.4.jar;C:\Users\java\.gradle\caches\modules-2\files-2.1\javax.inject\javax.inject\1\6975da39a7040257bd51d21a231b76c915872d38\javax.inject-1.jar;C:\Users\java\.gradle\caches\modules-2\files-2.1\org.controlsfx\controlsfx\8.40.10\fe12544570095b334d45c61e8c9a26f30ffc1675\controlsfx-8.40.10.jar;D:\eclipse-jee-mars-2-win32-x86_64\eclipse\plugins\org.eclipse.fx.ide.css.jfx8_2.3.0.201603030809.jar
Launcher Type: SUN_STANDARD

Environment Variables:
JAVA_HOME=C:\Program Files\Java\jdk1.8.0_77
PATH=C:/Program Files/Java/jdk1.8.0_77/bin/../jre/bin/server;C:/Program Files/Java/jdk1.8.0_77/bin/../jre/bin;C:/Program Files/Java/jdk1.8.0_77/bin/../jre/lib/amd64;C:\app\oracle\product\12.1.0\dbhome_1\bin;C:\Program Files\Java\jdk1.8.0_77\bin;C:\ProgramData\Oracle\Java\javapath;C:\Windows\system32;C:\Windows;C:\Windows\System32\Wbem;C:\Windows\System32\WindowsPowerShell\v1.0\;C:\Program Files\Git\cmd;C:\Program Files\Git\mingw64\bin;C:\Program Files\Git\usr\bin;D:\eclipse-jee-mars-2-win32-x86_64\eclipse;
USERNAME=java
OS=Windows_NT
PROCESSOR_IDENTIFIER=Intel64 Family 6 Model 58 Stepping 9, GenuineIntel



---------------  S Y S T E M  ---------------

OS: Windows 7 , 64 bit Build 7601 (6.1.7601.23418)

CPU:total 4 (4 cores per cpu, 1 threads per core) family 6 model 58 stepping 9, cmov, cx8, fxsr, mmx, sse, sse2, sse3, ssse3, sse4.1, sse4.2, popcnt, avx, aes, clmul, erms, tsc, tscinvbit, tscinv

Memory: 4k page, physical 8280248k(818072k free), swap 10375540k(4976k free)

vm_info: Java HotSpot(TM) 64-Bit Server VM (25.77-b03) for windows-amd64 JRE (1.8.0_77-b03), built on Mar 20 2016 22:01:33 by "java_re" with MS VC++ 10.0 (VS2010)

time: Mon Jun 27 15:32:10 2016
elapsed time: 87 seconds (0d 0h 1m 27s)

